[dotenv@17.2.3] injecting env (16) from .env.local -- tip: ✅ audit secrets and track compliance: https://dotenvx.com/ops
🕷️ The Spider v2.0 is spinning... Target: http://localhost:3000

Checked [200] http://localhost:3000
Checked [200] http://localhost:3000/_next/static/chunks/1bbe425d2ca1a785.css
Checked [200] http://localhost:3000/favicon.ico
Checked [200] http://localhost:3000/favicon.ico?favicon.9a98cdca.ico
Checked [200] http://localhost:3000/_next/static/chunks/11c295567640a528.js
Checked [200] http://localhost:3000/icon.svg
Checked [200] http://localhost:3000/_next/static/chunks/0a5e5ce7ac7ae943.js
Checked [200] http://localhost:3000/apple-touch-icon.png
Checked [200] http://localhost:3000/csa/sukhinder-singh-cassidy-rewiring-global-economy
Checked [200] http://localhost:3000/csa/rich-stinson-ceo-southwire
Checked [200] http://localhost:3000/csa/stella-ambrose-deputy-ceo-sawit-kinabalu
Checked [200] http://localhost:3000/category/leadership/brianne-howey
Checked [200] http://localhost:3000/category/leadership/dean-fealk
Checked [200] http://localhost:3000/category/leadership/stoyana-natseva
Checked [200] http://localhost:3000/category/leadership/cal-riley
Checked [200] http://localhost:3000/category/leadership/dr-basma-ghandourah
Checked [200] http://localhost:3000/category/leadership/bryce-tully
Checked [200] http://localhost:3000/category/leadership/swami-aniruddha
Checked [200] http://localhost:3000/category/leadership/pankaj-bansal
Checked [200] http://localhost:3000/category/leadership/erin-krueger
Checked [200] http://localhost:3000/category/leadership/bill-faruki
Checked [200] http://localhost:3000/category/cxo-interview/ratan-tata-legacy-ethical-leadership
Checked [200] http://localhost:3000/category/cxo-interview/murray-auchincloss-pragmatic-reset-steering-bp-value
Checked [200] http://localhost:3000/author/carmine-gallo
Checked [200] http://localhost:3000/category/cxo-interview/amin-nasser-steady-hand-guiding-energy-next-chapter
Checked [200] http://localhost:3000/category/cxo-interview/ritesh-agarwal-billion-dollar-hostel-kid-rewrote-global-hospitality
Checked [200] http://localhost:3000/category/cxo-interview/mohamed-alabbar-dubai-master-builder-urban-innovation
Checked [200] http://localhost:3000/category/cxo-interview/bhavesh-aggarwal-india-electric-ai-maverick
Checked [200] http://localhost:3000/category/cxo-interview/chamath-palihapitiya-spac-king-climate-tech-rebel
Checked [200] http://localhost:3000/category/cxo-interview/elon-musk-building-future-civilization-scale
Checked [200] http://localhost:3000/category/cxo-interview/yi-he-village-roots-co-ceo-crypto-global-gateway
Checked [200] http://localhost:3000/author/adrian-falk
Checked [200] http://localhost:3000/author/sherina-kapany
Checked [200] http://localhost:3000/author/mario-armstong
Checked [200] http://localhost:3000/author/elisette-carlson
Checked [200] http://localhost:3000/author/andres-tovar
Checked [200] http://localhost:3000/author/peter-daisyme
Checked [200] http://localhost:3000/author/aytekin-tank
Checked [200] http://localhost:3000/category/opinion/steve-jobs-7-principles-for-unstoppable-success
Checked [200] http://localhost:3000/category/leadership/asynchronous-enterprise-meetings-enemy-scale
Checked [200] http://localhost:3000/category/innovation/one-sentence-rule-pitch-idea-stick
Checked [200] http://localhost:3000/archive
Checked [200] http://localhost:3000/executive-salaries
Checked [200] http://localhost:3000/category/leadership
Checked [200] http://localhost:3000/category/money-and-finance
Checked [200] http://localhost:3000/category/science-technology
Checked [200] http://localhost:3000/about
Checked [200] http://localhost:3000/category/cxo-interview
Checked [200] http://localhost:3000/category/science-technology/cloud-sovereignty-data-strategy-geopolitical-strategy
Checked [200] http://localhost:3000/category/healthcare/unlocking-executive-performance-through-daily-movement
Checked [200] http://localhost:3000/category/cxo-interview/supreet-nagi
Checked [200] http://localhost:3000/tag
Checked [200] http://localhost:3000/contact
Checked [200] http://localhost:3000/privacy
Checked [200] http://localhost:3000/terms
Checked [200] http://localhost:3000/tag/ceo
Checked [200] http://localhost:3000/writer/alicia-gomez
Checked [200] http://localhost:3000/category/leadership/supreet-nagi
Checked [200] http://localhost:3000/category/changemakers-and-sustainability/elevating-the-floating-dining-experience-how-modern-cruises-are-revolutionizing-culinary-excellence-at-sea
Checked [200] http://localhost:3000/category/leadership/the-decision-makers-shaping-tomorrows-business-landscape
Checked [200] http://localhost:3000/category/startups/strategic-market-entry-transforming-bold-ideas-into-profitable-ventures
Checked [200] http://localhost:3000/tag/cxo-interview
Checked [200] http://localhost:3000/writer/michael-chen
Checked [200] http://localhost:3000/category/professional-services/josh-moffat-on-commercial-excellence
Checked [200] http://localhost:3000/category/automotive-and-logistics/vikas-duttas-strategic-vision-for-global-logistics-innovation
Checked [200] http://localhost:3000/category/leadership/internal-comms-strategy-nervous-system-failing
Checked [200] http://localhost:3000/category/leadership/narrative-gap-why-strategy-fails-to-land
Checked [200] http://localhost:3000/category/cxo-interview/john-zangardi
Checked [200] http://localhost:3000/category/leadership/myth-of-happy-entrepreneur-fact-or-fiction
Checked [200] http://localhost:3000/category/leadership/ceos-dilemma-balancing-hyper-growth-human-centric-leadership
Checked [200] http://localhost:3000/category/leadership/crisis-proof-building-brand-equity
Checked [200] http://localhost:3000/tag/wellness
Checked [200] http://localhost:3000/tag/ai
Checked [200] http://localhost:3000/writer/sarah-johnson
Checked [200] http://localhost:3000/category/innovation/marketing-age-of-skepticism-trust-conversion-metric
Checked [200] http://localhost:3000/writer/arjun-mehta
Checked [200] http://localhost:3000/category/science-technology/automatable-enterprise-workforce-robot-work
Checked [200] http://localhost:3000/category/cxo-interview/brianne-howey
Checked [200] http://localhost:3000/category/startups/disrupting-the-disruptors-how-emerging-brands-can-leapfrog-market-leaders
Checked [200] http://localhost:3000/category/leadership/reclaiming-drivers-seat-managing-difficult-employee-archetypes
Checked [200] http://localhost:3000/category/innovation/zero-based-budgeting-growth-fire-previous-year-pnl
Checked [200] http://localhost:3000/tag/leadership
Checked [200] http://localhost:3000/tag/innovation
Checked [200] http://localhost:3000/writer/martin-kessler
Checked [200] http://localhost:3000/category/science-technology/scalable-startup-mindset-enterprises-innovate-day-one
Checked [200] http://localhost:3000/category/innovation/work-smarter-not-longer-5-tactics-reclaim-time
Checked [200] http://localhost:3000/category/science-technology/new-liability-ai-redefines-corporate-accountability
Checked [200] http://localhost:3000/category/innovation/cash-flow-trap-profitable-companies-die-books
Checked [200] http://localhost:3000/category/leadership/silent-sabotage-3-habits-killing-your-leadership-influence
Checked [200] http://localhost:3000/category/leadership/cultural-moat-psychological-safety-competitive-advantage
Checked [200] http://localhost:3000/writer/david-okoro
Checked [200] http://localhost:3000/tag/women
Checked [200] http://localhost:3000/tag/startups
Checked [200] http://localhost:3000/tag/global
Checked [200] http://localhost:3000/writer/linh-nguyen
Checked [200] http://localhost:3000/writer/aisha-farouk
Checked [200] http://localhost:3000/category/startups/strategic-global-expansion-mastering-international-market-entry-for-modern-enterprises
Checked [200] http://localhost:3000/category/startups/from-vision-to-market-victory-the-blueprint-for-concept-commercialization
Checked [200] http://localhost:3000/category/leadership/stop-hiring-for-busy-difference-activity-impact
Checked [200] http://localhost:3000/category/leadership/three-act-structure-persuasion-selling-innovation
Checked [200] http://localhost:3000/category/innovation/scaling-up-without-burning-out-guide-growth
Checked [200] http://localhost:3000/tag/industry-juggernaut
Checked [200] http://localhost:3000/writer/csuite-editorial-team
Checked [200] http://localhost:3000/category/science-technology/closing-innovation-gap-diversity-stem-ceo-priority
Checked [200] http://localhost:3000/category/cxo-interview/erin-krueger
Checked [200] http://localhost:3000/category/innovation/decoupling-growth-from-headcount-new-unit-economics
Checked [200] http://localhost:3000/category/science-technology/no-code-c-suite-agility-without-engineering
Checked [200] http://localhost:3000/category/leadership/data-without-soul-fatal-flaw-executive-presentations
Checked [200] http://localhost:3000/category/leadership/founder-brand-paradox-step-forward-back
Checked [200] http://localhost:3000/category/innovation/cmo-dilemma-awareness-vanity-metric
Checked [200] http://localhost:3000/category/innovation/blueprints-for-billions-5-entrepreneurial-lessons-jeff-bezos
Checked [200] http://localhost:3000/category/opinion
Checked [200] http://localhost:3000/tag/opinion
Checked [200] http://localhost:3000/_next/static/media/2a65768255d6b625-s.p.d19752fb.woff2
Checked [200] http://localhost:3000/category/innovation
Checked [200] http://localhost:3000/writer/carmine-gallo
Checked [200] http://localhost:3000/category/leadership/leading-through-crisis-case-trauma-informed-management
Checked [200] http://localhost:3000/writer/adrian-falk
Checked [200] http://localhost:3000/category/innovation/public-renegade-5-pr-rules-elon-musk
Checked [200] http://localhost:3000/category/innovation/beyond-resume-5-core-traits-true-entrepreneurship
Checked [200] http://localhost:3000/category/innovation/wellness-retention-strategy-top-talent-burned-out
Checked [200] http://localhost:3000/_next/static/media/83afe278b6a6bb3c-s.p.3a6ba036.woff2
Checked [200] http://localhost:3000/category/money-and-finance/why-residential-real-estate-is-losing-ground-with-institutional-investors
Checked [200] http://localhost:3000/category/money-and-finance/strategic-investment-framework-for-executive-decision-making
Checked [200] http://localhost:3000/category/money-and-finance/strategic-retirement-planning-for-tech-leaders-in-the-digital-age
Checked [200] http://localhost:3000/category/money-and-finance/building-sustainable-leadership-through-core-principles
Checked [200] http://localhost:3000/category/money-and-finance/why-residential-real-estate-is-losing-its-investment-appeal-a-market-reality-check
Checked [200] http://localhost:3000/category/money-and-finance/strategic-value-optimization-essential-framework-for-executive-leadership
Checked [200] http://localhost:3000/category/money-and-finance/strategic-commercial-real-estate-investment-for-portfolio-optimization
Checked [200] http://localhost:3000/category/money-and-finance/beyond-the-monthly-bill-how-intelligent-subscriptions-are-reshaping-customer-loyalty
Checked [200] http://localhost:3000/category/money-and-finance/strategic-moves-for-subscription-market-leaders
Checked [200] http://localhost:3000/executive-salaries/satya-nadella
Checked [200] http://localhost:3000/executive-salaries/tim-cook
Checked [200] http://localhost:3000/executive-salaries/bob-iger
Checked [200] http://localhost:3000/executive-salaries/andy-jassy
Checked [200] http://localhost:3000/executive-salaries/jamie-dimon
Checked [200] http://localhost:3000/executive-salaries/brian-moynihan
Checked [200] http://localhost:3000/executive-salaries/jensen-huang
Checked [200] http://localhost:3000/executive-salaries/lisa-su
Checked [200] http://localhost:3000/category/money-and-finance/navigating-uncertainty-evan-greenbergs-strategic-leadership-at-chubb
Checked [200] http://localhost:3000/category/money-and-finance/charting-a-new-course-jane-frasers-strategic-overhaul-of-citigroup
Checked [200] http://localhost:3000/executive-salaries/mary-barra
Checked [200] http://localhost:3000/executive-salaries/sundar-pichai
Checked [200] http://localhost:3000/category/leadership/time-management-strategies-for-gen-z-leaders-in-the-modern-workplace
Checked [200] http://localhost:3000/category/cxo-interview/stoyana-natseva
Checked [200] http://localhost:3000/category/cxo-interview/swami-aniruddha
Checked [200] http://localhost:3000/category/leadership/essential-leadership-qualities-that-drive-tech-startup-success
Checked [200] http://localhost:3000/category/leadership/breaking-the-glass-ceiling-strategic-pathways-for-women-to-ascend-to-executive-leadership
Checked [200] http://localhost:3000/category/leadership/strategic-leadership-in-the-digital-age
Checked [200] http://localhost:3000/category/leadership/strategic-leadership-navigating-tomorrows-business-challenges
Checked [200] http://localhost:3000/category/cxo-interview/dean-fealk
Checked [200] http://localhost:3000/category/healthcare
Checked [200] http://localhost:3000/tag/healthcare
Checked [200] http://localhost:3000/tag/australias
Checked [200] http://localhost:3000/tag/automotive-and-logistics
Checked [200] http://localhost:3000/tag/bfsi
Checked [200] http://localhost:3000/tag/business
Checked [200] http://localhost:3000/writer/raj-patel
Checked [200] http://localhost:3000/category/professional-services/eurofins-chinas-strategic-expansion
Checked [200] http://localhost:3000/category/cxo-interview/john-farahis-vision-for-entertainment-innovation
Checked [200] http://localhost:3000/category/cxo-interview/pankaj-bansal
Checked [200] http://localhost:3000/tag/changemakers-and-sustainability
Checked [200] http://localhost:3000/tag/construction-and-mining
Checked [200] http://localhost:3000/tag/education
Checked [200] http://localhost:3000/tag/energy
Checked [200] http://localhost:3000/tag/lifestyle
Checked [200] http://localhost:3000/tag/luxury
Checked [200] http://localhost:3000/tag/market
Checked [200] http://localhost:3000/tag/money-and-finance
Checked [200] http://localhost:3000/tag/professional-services
Checked [200] http://localhost:3000/tag/public
Checked [200] http://localhost:3000/tag/residential
Checked [200] http://localhost:3000/tag/strategic
Checked [200] http://localhost:3000/tag/yachting
Checked [404] http://localhost:3000/category/cxo-interview/stella-ambrose-deputy-ceo-sawit-kinabalu
Checked [404] http://localhost:3000/category/cxo-interview/sukhinder-singh-cassidy-rewiring-global-economy
Checked [404] http://localhost:3000/category/cxo-interview/rich-stinson-ceo-southwire
Checked [200] http://localhost:3000/category/cxo-interview/bob-bagbys-vision-for-entertainment-innovation
Checked [200] http://localhost:3000/category/cxo-interview/david-prossers-strategic-fitness-revolution
Checked [200] http://localhost:3000/category/cxo-interview/building-entertainment-empires-lester-elders-executive-vision
Checked [200] http://localhost:3000/category/cxo-interview/olga-denysiuk
Checked [200] http://localhost:3000/category/cxo-interview/bryce-tully
Checked [200] http://localhost:3000/category/cxo-interview/harjinder-shergill-chimas-strategic-vision
Checked [200] http://localhost:3000/category/cxo-interview/bill-faruki
Checked [200] http://localhost:3000/category/opinion/strategic-art-acquisition-for-executive-portfolios
Checked [200] http://localhost:3000/category/innovation/powering-progress-how-rachael-evans-is-energizing-the-automotive-industry-with-leadership-and-balance
Checked [200] http://localhost:3000/category/cxo-interview/cal-riley
Checked [200] http://localhost:3000/category/healthcare/why-strategic-rest-drives-executive-performance-and-innovation
Checked [200] http://localhost:3000/category/cxo-interview/dr-basma-ghandourah
Checked [200] http://localhost:3000/category/changemakers-and-sustainability/strategic-navigation-how-superyacht-innovation-drives-maritime-business-evolution
Checked [200] http://localhost:3000/category/changemakers-and-sustainability/green-libations-how-singapores-eco-conscious-bars-are-redefining-the-hospitality-industry
Checked [200] http://localhost:3000/category/changemakers-and-sustainability
Checked [200] http://localhost:3000/category/cxo-interview/bryan-smeltzer
Checked [200] http://localhost:3000/category/startups/breaking-barriers-how-visionary-entrepreneurs-transform-challenges-into-competitive-advantages
Checked [200] http://localhost:3000/writer/elena-petrov
Checked [200] http://localhost:3000/category/startups
Checked [200] http://localhost:3000/category/professional-services/andrew-quinn-on-commercial-services-innovation
Checked [200] http://localhost:3000/category/leadership/the-leadership-evolution-five-transformative-lessons-from-a-quarter-century-of-executive-experience
Checked [200] http://localhost:3000/category/professional-services/fiona-johnstons-strategic-vision-for-commercial-excellence
Checked [200] http://localhost:3000/category/leadership/the-visionary-leaders-shaping-tomorrows-business-landscape
Checked [200] http://localhost:3000/category/automotive-and-logistics/antje-lochmanns-vision-for-automotive-innovation
Checked [200] http://localhost:3000/category/professional-services
Checked [200] http://localhost:3000/category/professional-services/jennifer-peabody-on-accountable-agency-growth
Checked [200] http://localhost:3000/category/professional-services/ricky-wong-on-commercial-excellence
Checked [200] http://localhost:3000/category/education/justin-schwartzs-strategic-vision-for-educational-innovation
Checked [200] http://localhost:3000/category/professional-services/isabelle-hannedouche-on-global-expansion-and-strategic-vision
Checked [200] http://localhost:3000/category/education/anders-bjarklevs-vision-for-educational-transformation
Checked [200] http://localhost:3000/category/professional-services/kento-miura-on-content-driven-innovation
Checked [200] http://localhost:3000/category/professional-services/marie-osmonde-le-roy-de-lanauze-molines-on-strategic-vision
Checked [200] http://localhost:3000/category/professional-services/xavier-gondauds-vision-for-aviation-innovation
Checked [200] http://localhost:3000/category/professional-services/nora-frasers-strategic-vision-for-commercial-excellence
Checked [200] http://localhost:3000/category/automotive-and-logistics
Checked [200] http://localhost:3000/writer/andres-tovar
Checked [200] http://localhost:3000/category/innovation/beyond-compliance-how-cognitive-transformation-drives-sustainable-business-innovation
Checked [200] http://localhost:3000/category/leadership/australias-top-business-leaders-who-really-shapes-success
Checked [200] http://localhost:3000/category/construction-and-mining/george-constantinous-construction-empire
Checked [200] http://localhost:3000/category/startups/strategic-downsizing-how-reducing-team-size-boosted-my-companys-bottom-line
Checked [200] http://localhost:3000/category/automotive-and-logistics/vic-cheungs-vision-for-automotive-innovation
Checked [200] http://localhost:3000/category/education/martha-dunagin-saunders-on-educational-innovation
Checked [200] http://localhost:3000/category/changemakers-and-sustainability/premium-local-wines-and-culinary-excellence
Checked [200] http://localhost:3000/category/healthcare/gratitude-as-a-strategic-advantage-for-executive-leadership
Checked [200] http://localhost:3000/writer/aytekin-tank
Checked [200] http://localhost:3000/writer/mario-armstong
Checked [200] http://localhost:3000/writer/sherina-kapany
Checked [200] http://localhost:3000/writer/elisette-carlson
Checked [200] http://localhost:3000/category/healthcare/the-productivity-paradox-why-strategic-rest-is-your-companys-competitive-advantage
Checked [200] http://localhost:3000/category/opinion/luxury-wilderness-retreats-reconnecting-with-nature-while-maintaining-executive-excellence
Checked [200] http://localhost:3000/category/healthcare/how-smart-leaders-prioritize-recovery-for-peak-performance
Checked [200] http://localhost:3000/category/healthcare/global-retreats-for-peak-performance
Checked [200] http://localhost:3000/category/innovation/powering-progress-how-strategic-b2b-engagement-drives-sustainable-growth-in-the-energy-sector
Checked [200] http://localhost:3000/category/healthcare/premium-sleep-sanctuaries-for-optimal-performance
Checked [200] http://localhost:3000/category/changemakers-and-sustainability/beyond-the-beach-kgaris-untapped-economic-potential-in-sustainable-tourism
Checked [200] http://localhost:3000/category/changemakers-and-sustainability/elevating-corporate-entertainment-through-luxury-culinary-experiences-at-sea
Checked [200] http://localhost:3000/category/leadership/surviving-the-holiday-crunch-executive-strategies-for-maintaining-performance-through-year-end-pressure
Checked [200] http://localhost:3000/category/innovation/powering-innovation-sundar-pichais-strategic-leadership-at-the-helm-of-google-and-alphabet
Checked [200] http://localhost:3000/category/cxo-interview/benjamin-borketey
Checked [200] http://localhost:3000/category/changemakers-and-sustainability/singapores-leading-sustainable-bars-where-corporate-responsibility-meets-culinary-excellence
Checked [200] http://localhost:3000/category/changemakers-and-sustainability/the-oceans-hidden-gem-why-pearl-meat-is-revolutionizing-sustainable-seafood-markets
Checked [200] http://localhost:3000/category/automotive-and-logistics/sriram-iyer-on-sustainable-palm-oil-innovation
Checked [200] http://localhost:3000/category/innovation/andy-jassy
Checked [200] http://localhost:3000/category/healthcare/the-gratitude-advantage-how-appreciation-drives-sustainable-business-performance
Checked [200] http://localhost:3000/writer/maya-whitfield
Checked [200] http://localhost:3000/category/leadership/strategic-leadership-navigating-tomorrows-business-challenges-today
Checked [200] http://localhost:3000/category/innovation/women-leading-the-charge-how-female-executives-are-reshaping-corporate-culture
Checked [200] http://localhost:3000/category/construction-and-mining/henry-mccanns-blueprint-for-construction-industry-excellence
Checked [200] http://localhost:3000/category/healthcare/the-hidden-costs-of-digital-distraction-on-executive-performance
Checked [200] http://localhost:3000/category/leadership/strategic-leadership-driving-enterprise-growth-in-the-digital-age
Checked [200] http://localhost:3000/category/changemakers-and-sustainability/new-englands-emerging-markets-strategic-investment-opportunities-for-2024
Checked [200] http://localhost:3000/category/healthcare/elite-leadership-retreats-for-peak-performance
Checked [200] http://localhost:3000/category/opinion/londons-premier-sunday-roast-destinations-for-business-executives
Checked [200] http://localhost:3000/category/leadership/australias-elite-gather-awards-night-insights
Checked [200] http://localhost:3000/category/opinion/why-mid-size-superyachts-are-the-smart-choice-for-discerning-executives
Checked [200] http://localhost:3000/category/opinion/strategic-insights-from-the-worlds-largest-sand-island
Checked [200] http://localhost:3000/category/healthcare/fiuggis-ancient-waters-modern-wellness-lessons-for-executive-leadership
Checked [200] http://localhost:3000/category/healthcare/how-top-leaders-are-using-science-to-optimize-performance-and-decision-making
Checked [200] http://localhost:3000/category/education/rhea-laws-vision-for-educational-excellence
Checked [200] http://localhost:3000/category/changemakers-and-sustainability/superyacht-soire-2022-redefining-maritime-luxury-for-elite-executives
Checked [200] http://localhost:3000/category/automotive-and-logistics/rgis-lacotes-olympic-sized-vision-for-automotive-aviation
Checked [200] http://localhost:3000/category/innovation/redefining-leadership-for-the-modern-executive
Checked [200] http://localhost:3000/category/healthcare/strategic-resilience-how-executive-wellness-programs-are-transforming-corporate-leadership-performance
Checked [200] http://localhost:3000/category/changemakers-and-sustainability/climate-inaction-equals-corporate-risk-the-lobbying-threat-to-business-leadership
Checked [200] http://localhost:3000/writer/peter-daisyme
Checked [200] http://localhost:3000/category/innovation/powering-the-future-elon-musks-high-stakes-bet-on-energy-innovation
Checked [200] http://localhost:3000/category/innovation/from-court-to-boardroom-a-champions-business-playbook
Checked [200] http://localhost:3000/category/changemakers-and-sustainability/purpose-driven-profit-how-one-ceo-is-transforming-philanthropy-through-technology
Checked [200] http://localhost:3000/category/innovation/the-monk-who-built-a-media-empire
Checked [200] http://localhost:3000/category/changemakers-and-sustainability/the-oceans-premium-protein-revolution
Checked [200] http://localhost:3000/category/innovation/the-hidden-trillion-dollar-water-infrastructure-crisis-threatening-global-business
Checked [200] http://localhost:3000/category/construction-and-mining/sarada-bhushan-mohanty-on-construction-innovation
Checked [200] http://localhost:3000/category/innovation/from-court-to-corporation-how-champions-like-sloane-stephens-are-redefining-success-in-business-and-life
Checked [200] http://localhost:3000/category/innovation/the-monastic-mindset-how-jay-shetty-transformed-ancient-wisdom-into-modern-media-empire
Checked [200] http://localhost:3000/category/healthcare/the-paradox-of-plenty-why-strategic-product-reduction-drives-revenue-growth
Checked [200] http://localhost:3000/category/education/joan-gurdias-vision-for-educational-transformation
Checked [200] http://localhost:3000/category/changemakers-and-sustainability/from-naval-steel-to-nautical-nirvana-how-military-vessels-are-revolutionizing-the-superyacht-industry
Checked [200] http://localhost:3000/category/construction-and-mining/anthony-tan-on-constructions-digital-transformation
Checked [200] http://localhost:3000/category/construction-and-mining/steve-boland-on-elevating-construction-standards
Checked [200] http://localhost:3000/category/changemakers-and-sustainability/where-business-meets-artistic-excellence
Checked [200] http://localhost:3000/category/startups/from-vision-to-market-victory-the-entrepreneurs-blueprint-for-concept-commercialization
Checked [200] http://localhost:3000/category/automotive-and-logistics/sml-isuzus-strategic-transformation-in-motion
Checked [200] http://localhost:3000/category/opinion/where-ancient-grandeur-meets-contemporary-excellence
Checked [200] http://localhost:3000/category/opinion/australias-premier-superyacht-event-unveils-elite-maritime-excellence
Checked [200] http://localhost:3000/writer/priya-raman
Checked [200] http://localhost:3000/writer/emma-williams
Checked [200] http://localhost:3000/writer/carlos-mendes
Checked [200] http://localhost:3000/category/opinion/cultural-capitals-of-the-cte-dazur-strategic-destinations-for-business-and-leisure
Checked [200] http://localhost:3000/category/leadership/inside-the-rooms-where-decisions-shape-industries
Checked [200] http://localhost:3000/category/cxo-interview/angelina-usanova
Checked [200] http://localhost:3000/category/opinion/frances-premier-executive-retreat-experience
Checked [200] http://localhost:3000/category/automotive-and-logistics/andreas-bareis-on-automotive-innovation
Checked [200] http://localhost:3000/category/education/mohammad-dehghani-on-science-and-technology-innovation
Checked [200] http://localhost:3000/category/innovation/samantha-tans-strategic-vision-transforms-motorsport-industry-dynamics
Checked [200] http://localhost:3000/category/innovation/the-visionaries-shaping-tomorrows-business-landscape
Checked [200] http://localhost:3000/category/leadership/growth-with-integrity-scaling-your-business-while-preserving-core-values
Checked [200] http://localhost:3000/category/automotive-and-logistics/r-mohans-strategic-vision-for-automotive-innovation
Checked [200] http://localhost:3000/category/healthcare/hong-kongs-premier-spa-experiences-for-busy-leaders
Checked [200] http://localhost:3000/category/automotive-and-logistics/richelle-singson-michaels-aviation-vision
Checked [200] http://localhost:3000/category/automotive-and-logistics/martijn-blanken-on-aviations-next-frontier
Checked [200] http://localhost:3000/category/healthcare/kearneys-counterintuitive-strategy-slash-product-lines-to-skyrocket-revenue
Checked [200] http://localhost:3000/category/changemakers-and-sustainability/the-floating-boardroom-how-seine-river-cruises-are-redefining-executive-retreats-in-the-heart-of-paris
Checked [200] http://localhost:3000/category/automotive-and-logistics/twinchok-tanthuwanits-strategic-vision-for-automotive-aviation
Checked [200] http://localhost:3000/category/changemakers-and-sustainability/formula-ones-elite-hospitality-revolution-redefining-premium-race-experiences-globally
Checked [200] http://localhost:3000/category/construction-and-mining/manish-gargs-vertical-vision
Checked [200] http://localhost:3000/category/education/william-wilsons-vision-for-transformative-education
Checked [200] http://localhost:3000/category/construction-and-mining/alan-nortjes-blueprint-for-construction-innovation
Checked [200] http://localhost:3000/category/changemakers-and-sustainability/bridging-centuries-how-chateau-de-collias-transforms-heritage-hospitality-into-modern-market-success
Checked [200] http://localhost:3000/category/construction-and-mining/vincent-ngs-high-rise-vision
Checked [200] http://localhost:3000/category/construction-and-mining/curt-crossland-on-construction-innovation
Checked [200] http://localhost:3000/category/leadership/strategic-leadership-in-the-modern-enterprise
Checked [200] http://localhost:3000/category/construction-and-mining/tirthankar-roys-steel-industry-vision
Checked [200] http://localhost:3000/category/changemakers-and-sustainability/exclusive-culinary-experiences-in-the-maldives-for-discerning-executives
Checked [200] http://localhost:3000/category/construction-and-mining/swami-iyers-strategic-vision-for-construction-innovation
Checked [200] http://localhost:3000/category/education
Checked [200] http://localhost:3000/category/construction-and-mining
Checked [200] http://localhost:3000/writer/sofia-alvarez
Checked [200] http://localhost:3000/category/education/stuart-crofts-vision-for-educational-transformation
Checked [200] http://localhost:3000/category/changemakers-and-sustainability/transforming-naval-heritage-into-premium-maritime-experiences
Checked [200] http://localhost:3000/category/education/jacqueline-edmondson-on-transforming-education-through-innovation
Checked [200] http://localhost:3000/category/education/ryan-pinto-on-revolutionizing-education-for-tomorrows-leaders
Checked [200] http://localhost:3000/category/education/stephen-dackins-vision-for-educational-excellence
Checked [200] http://localhost:3000/category/cxo-interview/azhan-shafriman-hanifs-strategic-vision

🕸️ Crawl Complete. Scanned 320 pages.
📧 Report sent to csuitebrandagency@gmail.com

🔥 CRITICAL: Found 3 Broken Links!
